[debug] [2024-04-18T04:17:30.265Z] ----------------------------------------------------------------------
[debug] [2024-04-18T04:17:30.271Z] Command:       C:\Program Files\nodejs\node.exe C:\Users\patri\AppData\Roaming\npm\node_modules\firebase-tools\lib\bin\firebase.js init hosting
[debug] [2024-04-18T04:17:30.272Z] CLI Version:   13.3.1
[debug] [2024-04-18T04:17:30.272Z] Platform:      win32
[debug] [2024-04-18T04:17:30.272Z] Node Version:  v20.6.1
[debug] [2024-04-18T04:17:30.273Z] Time:          Thu Apr 18 2024 00:17:30 GMT-0400 (Eastern Daylight Time)
[debug] [2024-04-18T04:17:30.273Z] ----------------------------------------------------------------------
[debug] 
[debug] [2024-04-18T04:17:30.287Z] >>> [apiv2][query] GET https://firebase-public.firebaseio.com/cli.json [none]
[debug] [2024-04-18T04:17:30.361Z] > command requires scopes: ["email","openid","https://www.googleapis.com/auth/cloudplatformprojects.readonly","https://www.googleapis.com/auth/firebase","https://www.googleapis.com/auth/cloud-platform"]
[debug] [2024-04-18T04:17:30.361Z] > authorizing via signed-in user (patrickbdevaney@gmail.com)
[info] 
     ######## #### ########  ######## ########     ###     ######  ########
     ##        ##  ##     ## ##       ##     ##  ##   ##  ##       ##
     ######    ##  ########  ######   ########  #########  ######  ######
     ##        ##  ##    ##  ##       ##     ## ##     ##       ## ##
     ##       #### ##     ## ######## ########  ##     ##  ######  ########

You're about to initialize a Firebase project in this directory:

  C:\Users\patri\Desktop\CEN4010 Project\ShopWagon

[info] 
=== Project Setup
[info] 
[info] First, let's associate this project directory with a Firebase project.
[info] You can create multiple project aliases by running firebase use --add, 
[info] but for now we'll just set up a default project.
[info] 
[debug] [2024-04-18T04:17:30.791Z] <<< [apiv2][status] GET https://firebase-public.firebaseio.com/cli.json 200
[debug] [2024-04-18T04:17:30.791Z] <<< [apiv2][body] GET https://firebase-public.firebaseio.com/cli.json {"cloudBuildErrorAfter":1594252800000,"cloudBuildWarnAfter":1590019200000,"defaultNode10After":1594252800000,"minVersion":"3.0.5","node8DeploysDisabledAfter":1613390400000,"node8RuntimeDisabledAfter":1615809600000,"node8WarnAfter":1600128000000}
[info] i  If you want to create a project in a Google Cloud organization or folder, please use "firebase projects:create" instead, and return to this command when you've created the project. 
[debug] [2024-04-18T04:17:58.337Z] > refreshing access token with scopes: []
[debug] [2024-04-18T04:17:58.339Z] >>> [apiv2][query] POST https://www.googleapis.com/oauth2/v3/token [none]
[debug] [2024-04-18T04:17:58.339Z] >>> [apiv2][body] POST https://www.googleapis.com/oauth2/v3/token [omitted]
[debug] [2024-04-18T04:17:58.487Z] <<< [apiv2][status] POST https://www.googleapis.com/oauth2/v3/token 200
[debug] [2024-04-18T04:17:58.487Z] <<< [apiv2][body] POST https://www.googleapis.com/oauth2/v3/token [omitted]
[debug] [2024-04-18T04:17:58.511Z] >>> [apiv2][query] POST https://cloudresourcemanager.googleapis.com/v1/projects [none]
[debug] [2024-04-18T04:17:58.512Z] >>> [apiv2][body] POST https://cloudresourcemanager.googleapis.com/v1/projects {"projectId":"shopwagon","name":"shopwagon"}
[debug] [2024-04-18T04:17:58.923Z] <<< [apiv2][status] POST https://cloudresourcemanager.googleapis.com/v1/projects 200
[debug] [2024-04-18T04:17:58.924Z] <<< [apiv2][body] POST https://cloudresourcemanager.googleapis.com/v1/projects {"name":"operations/cp.6827219475535743275"}
[debug] [2024-04-18T04:17:58.925Z] >>> [apiv2][query] GET https://cloudresourcemanager.googleapis.com/v1/operations/cp.6827219475535743275 [none]
[debug] [2024-04-18T04:17:59.229Z] <<< [apiv2][status] GET https://cloudresourcemanager.googleapis.com/v1/operations/cp.6827219475535743275 200
[debug] [2024-04-18T04:17:59.230Z] <<< [apiv2][body] GET https://cloudresourcemanager.googleapis.com/v1/operations/cp.6827219475535743275 {"name":"operations/cp.6827219475535743275"}
[debug] [2024-04-18T04:17:59.735Z] [Project Creation Poller] Retrying task index 0
[debug] [2024-04-18T04:17:59.736Z] >>> [apiv2][query] GET https://cloudresourcemanager.googleapis.com/v1/operations/cp.6827219475535743275 [none]
[debug] [2024-04-18T04:17:59.995Z] <<< [apiv2][status] GET https://cloudresourcemanager.googleapis.com/v1/operations/cp.6827219475535743275 200
[debug] [2024-04-18T04:17:59.995Z] <<< [apiv2][body] GET https://cloudresourcemanager.googleapis.com/v1/operations/cp.6827219475535743275 {"name":"operations/cp.6827219475535743275"}
[debug] [2024-04-18T04:18:01.000Z] [Project Creation Poller] Retrying task index 0
[debug] [2024-04-18T04:18:01.002Z] >>> [apiv2][query] GET https://cloudresourcemanager.googleapis.com/v1/operations/cp.6827219475535743275 [none]
[debug] [2024-04-18T04:18:01.248Z] <<< [apiv2][status] GET https://cloudresourcemanager.googleapis.com/v1/operations/cp.6827219475535743275 200
[debug] [2024-04-18T04:18:01.249Z] <<< [apiv2][body] GET https://cloudresourcemanager.googleapis.com/v1/operations/cp.6827219475535743275 {"name":"operations/cp.6827219475535743275"}
[debug] [2024-04-18T04:18:03.258Z] [Project Creation Poller] Retrying task index 0
[debug] [2024-04-18T04:18:03.258Z] >>> [apiv2][query] GET https://cloudresourcemanager.googleapis.com/v1/operations/cp.6827219475535743275 [none]
[debug] [2024-04-18T04:18:03.531Z] <<< [apiv2][status] GET https://cloudresourcemanager.googleapis.com/v1/operations/cp.6827219475535743275 200
[debug] [2024-04-18T04:18:03.531Z] <<< [apiv2][body] GET https://cloudresourcemanager.googleapis.com/v1/operations/cp.6827219475535743275 {"name":"operations/cp.6827219475535743275","metadata":{"@type":"type.googleapis.com/google.cloudresourcemanager.v1.ProjectCreationStatus","gettable":true,"ready":true},"done":true,"response":{"@type":"type.googleapis.com/google.cloudresourcemanager.v1.Project","projectNumber":"76063556921","projectId":"shopwagon","lifecycleState":"ACTIVE","name":"shopwagon","createTime":"2024-04-18T04:18:02.706080Z"}}
[debug] [2024-04-18T04:18:03.536Z] >>> [apiv2][query] POST https://firebase.googleapis.com/v1beta1/projects/shopwagon:addFirebase [none]
[debug] [2024-04-18T04:18:06.026Z] <<< [apiv2][status] POST https://firebase.googleapis.com/v1beta1/projects/shopwagon:addFirebase 200
[debug] [2024-04-18T04:18:06.026Z] <<< [apiv2][body] POST https://firebase.googleapis.com/v1beta1/projects/shopwagon:addFirebase {"name":"operations/workflows/N2Q2MzhjYjEtMjFmNC00YjY4LTk5MGUtOTVjN2FkM2E3Y2Iy"}
[debug] [2024-04-18T04:18:06.027Z] >>> [apiv2][query] GET https://firebase.googleapis.com/v1beta1/operations/workflows/N2Q2MzhjYjEtMjFmNC00YjY4LTk5MGUtOTVjN2FkM2E3Y2Iy [none]
[debug] [2024-04-18T04:18:09.906Z] <<< [apiv2][status] GET https://firebase.googleapis.com/v1beta1/operations/workflows/N2Q2MzhjYjEtMjFmNC00YjY4LTk5MGUtOTVjN2FkM2E3Y2Iy 200
[debug] [2024-04-18T04:18:09.906Z] <<< [apiv2][body] GET https://firebase.googleapis.com/v1beta1/operations/workflows/N2Q2MzhjYjEtMjFmNC00YjY4LTk5MGUtOTVjN2FkM2E3Y2Iy {"name":"operations/workflows/N2Q2MzhjYjEtMjFmNC00YjY4LTk5MGUtOTVjN2FkM2E3Y2Iy"}
[debug] [2024-04-18T04:18:10.421Z] [Add Firebase Poller] Retrying task index 0
[debug] [2024-04-18T04:18:10.422Z] >>> [apiv2][query] GET https://firebase.googleapis.com/v1beta1/operations/workflows/N2Q2MzhjYjEtMjFmNC00YjY4LTk5MGUtOTVjN2FkM2E3Y2Iy [none]
[debug] [2024-04-18T04:18:10.889Z] <<< [apiv2][status] GET https://firebase.googleapis.com/v1beta1/operations/workflows/N2Q2MzhjYjEtMjFmNC00YjY4LTk5MGUtOTVjN2FkM2E3Y2Iy 200
[debug] [2024-04-18T04:18:10.889Z] <<< [apiv2][body] GET https://firebase.googleapis.com/v1beta1/operations/workflows/N2Q2MzhjYjEtMjFmNC00YjY4LTk5MGUtOTVjN2FkM2E3Y2Iy {"name":"operations/workflows/N2Q2MzhjYjEtMjFmNC00YjY4LTk5MGUtOTVjN2FkM2E3Y2Iy"}
[debug] [2024-04-18T04:18:11.899Z] [Add Firebase Poller] Retrying task index 0
[debug] [2024-04-18T04:18:11.900Z] >>> [apiv2][query] GET https://firebase.googleapis.com/v1beta1/operations/workflows/N2Q2MzhjYjEtMjFmNC00YjY4LTk5MGUtOTVjN2FkM2E3Y2Iy [none]
[debug] [2024-04-18T04:18:12.376Z] <<< [apiv2][status] GET https://firebase.googleapis.com/v1beta1/operations/workflows/N2Q2MzhjYjEtMjFmNC00YjY4LTk5MGUtOTVjN2FkM2E3Y2Iy 200
[debug] [2024-04-18T04:18:12.376Z] <<< [apiv2][body] GET https://firebase.googleapis.com/v1beta1/operations/workflows/N2Q2MzhjYjEtMjFmNC00YjY4LTk5MGUtOTVjN2FkM2E3Y2Iy {"name":"operations/workflows/N2Q2MzhjYjEtMjFmNC00YjY4LTk5MGUtOTVjN2FkM2E3Y2Iy"}
[debug] [2024-04-18T04:18:14.383Z] [Add Firebase Poller] Retrying task index 0
[debug] [2024-04-18T04:18:14.384Z] >>> [apiv2][query] GET https://firebase.googleapis.com/v1beta1/operations/workflows/N2Q2MzhjYjEtMjFmNC00YjY4LTk5MGUtOTVjN2FkM2E3Y2Iy [none]
[debug] [2024-04-18T04:18:14.707Z] <<< [apiv2][status] GET https://firebase.googleapis.com/v1beta1/operations/workflows/N2Q2MzhjYjEtMjFmNC00YjY4LTk5MGUtOTVjN2FkM2E3Y2Iy 200
[debug] [2024-04-18T04:18:14.707Z] <<< [apiv2][body] GET https://firebase.googleapis.com/v1beta1/operations/workflows/N2Q2MzhjYjEtMjFmNC00YjY4LTk5MGUtOTVjN2FkM2E3Y2Iy {"name":"operations/workflows/N2Q2MzhjYjEtMjFmNC00YjY4LTk5MGUtOTVjN2FkM2E3Y2Iy","done":true,"response":{"@type":"type.googleapis.com/google.firebase.service.v1beta1.FirebaseProject","projectId":"shopwagon","projectNumber":"76063556921","displayName":"shopwagon","name":"projects/shopwagon","resources":{"hostingSite":"shopwagon"}}}
[info] 
[info] === Your Firebase project is ready! ===
[info] 
[info] Project information:
[info]    - Project ID: shopwagon
[info]    - Project Name: shopwagon
[info] 
[info] Firebase console is available at
[info] https://console.firebase.google.com/project/shopwagon/overview
[info] i  Using project shopwagon (shopwagon) 
[info] 
=== Hosting Setup
[debug] [2024-04-18T04:18:14.754Z] >>> [apiv2][query] GET https://firebase.googleapis.com/v1beta1/projects/shopwagon [none]
[debug] [2024-04-18T04:18:15.176Z] <<< [apiv2][status] GET https://firebase.googleapis.com/v1beta1/projects/shopwagon 200
[debug] [2024-04-18T04:18:15.176Z] <<< [apiv2][body] GET https://firebase.googleapis.com/v1beta1/projects/shopwagon {"projectId":"shopwagon","projectNumber":"76063556921","displayName":"shopwagon","name":"projects/shopwagon","resources":{"hostingSite":"shopwagon"},"state":"ACTIVE","etag":"1_ffb03f24-d74d-4b42-80c7-7ffffd1ce1ee"}
[info] 
[info] Your public directory is the folder (relative to your project directory) that
[info] will contain Hosting assets to be uploaded with firebase deploy. If you
[info] have a build process for your assets, use your build's output directory.
[info] 
[info] +  Wrote public/404.html 
[debug] [2024-04-18T04:21:32.776Z] >>> [apiv2][query] GET https://www.gstatic.com/firebasejs/releases.json [none]
[debug] [2024-04-18T04:21:32.851Z] <<< [apiv2][status] GET https://www.gstatic.com/firebasejs/releases.json 200
[debug] [2024-04-18T04:21:32.851Z] <<< [apiv2][body] GET https://www.gstatic.com/firebasejs/releases.json {"current":{"version":"10.11.0","browserURL":"https://www.gstatic.com/firebasejs/10.11.0/firebase.js","packageURL":"https://www.gstatic.com/firebasejs/10.11.0/firebase.tgz"},"live":{"version":"10.11","browserURL":"https://www.gstatic.com/firebasejs/live/10.11/firebase.js","packageURL":"https://www.gstatic.com/firebasejs/live/10.11/firebase.tgz"},"components":{"analytics":"https://www.gstatic.com/firebasejs/10.11.0/firebase-analytics.js","app":"https://www.gstatic.com/firebasejs/10.11.0/firebase-app.js","app-check":"https://www.gstatic.com/firebasejs/10.11.0/firebase-app-check.js","auth":"https://www.gstatic.com/firebasejs/10.11.0/firebase-auth.js","auth/cordova":"https://www.gstatic.com/firebasejs/10.11.0/firebase-auth/cordova.js","auth/web-extension":"https://www.gstatic.com/firebasejs/10.11.0/firebase-auth/web-extension.js","functions":"https://www.gstatic.com/firebasejs/10.11.0/firebase-functions.js","firestore":"https://www.gstatic.com/firebasejs/10.11.0/firebase-firestore.js","firestore/lite":"https://www.gstatic.com/firebasejs/10.11.0/firebase-firestore/lite.js","installations":"https://www.gstatic.com/firebasejs/10.11.0/firebase-installations.js","storage":"https://www.gstatic.com/firebasejs/10.11.0/firebase-storage.js","performance":"https://www.gstatic.com/firebasejs/10.11.0/firebase-performance.js","remote-config":"https://www.gstatic.com/firebasejs/10.11.0/firebase-remote-config.js","messaging":"https://www.gstatic.com/firebasejs/10.11.0/firebase-messaging.js","messaging/sw":"https://www.gstatic.com/firebasejs/10.11.0/firebase-messaging/sw.js","database":"https://www.gstatic.com/firebasejs/10.11.0/firebase-database.js","firestore.memory":"https://www.gstatic.com/firebasejs/10.11.0/firebase-firestore.memory.js"}}
[info] +  Wrote public/index.html 
[info] 
[info] i  Detected a .git folder at C:\Users\patri\Desktop\CEN4010 Project\ShopWagon 
[info] i  Authorizing with GitHub to upload your service account to a GitHub repository's secrets store. 
[info] 
[info] Visit this URL on this device to log in:
[info] https://github.com/login/oauth/authorize?client_id=89cf50f02ac6aaed3484&state=650712625&redirect_uri=http%3A%2F%2Flocalhost%3A9005&scope=read%3Auser%20repo%20public_repo
[info] 
[info] Waiting for authentication...
[debug] [2024-04-18T04:21:37.665Z] >>> [apiv2][query] POST https://github.com/login/oauth/access_token [none]
[debug] [2024-04-18T04:21:37.666Z] >>> [apiv2][body] POST https://github.com/login/oauth/access_token [stream]
[debug] [2024-04-18T04:21:37.909Z] <<< [apiv2][status] POST https://github.com/login/oauth/access_token 200
[debug] [2024-04-18T04:21:37.909Z] <<< [apiv2][body] POST https://github.com/login/oauth/access_token {"access_token":"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","token_type":"bearer","scope":"read:user,repo"}
[debug] [2024-04-18T04:21:37.936Z] >>> [apiv2][query] GET https://api.github.com/user [none]
[debug] [2024-04-18T04:21:38.205Z] <<< [apiv2][status] GET https://api.github.com/user 200
[debug] [2024-04-18T04:21:38.205Z] <<< [apiv2][body] GET https://api.github.com/user {"login":"patrickbdevaney","id":79435941,"node_id":"MDQ6VXNlcjc5NDM1OTQx","avatar_url":"https://avatars.githubusercontent.com/u/79435941?v=4","gravatar_id":"","url":"https://api.github.com/users/patrickbdevaney","html_url":"https://github.com/patrickbdevaney","followers_url":"https://api.github.com/users/patrickbdevaney/followers","following_url":"https://api.github.com/users/patrickbdevaney/following{/other_user}","gists_url":"https://api.github.com/users/patrickbdevaney/gists{/gist_id}","starred_url":"https://api.github.com/users/patrickbdevaney/starred{/owner}{/repo}","subscriptions_url":"https://api.github.com/users/patrickbdevaney/subscriptions","organizations_url":"https://api.github.com/users/patrickbdevaney/orgs","repos_url":"https://api.github.com/users/patrickbdevaney/repos","events_url":"https://api.github.com/users/patrickbdevaney/events{/privacy}","received_events_url":"https://api.github.com/users/patrickbdevaney/received_events","type":"User","site_admin":false,"name":"Patrick Devaney","company":null,"blog":"patrickbdevaney@gmail.com","location":"Miami, FL","email":null,"hireable":null,"bio":"Future-oriented web developer working with the MERN stack.","twitter_username":null,"public_repos":83,"public_gists":3,"followers":12,"following":30,"created_at":"2021-02-22T04:44:12Z","updated_at":"2024-04-14T03:03:59Z","private_gists":0,"total_private_repos":18,"owned_private_repos":18,"disk_usage":306846,"collaborators":7,"two_factor_authentication":false,"plan":{"name":"pro","space":976562499,"collaborators":0,"private_repos":9999}}
[info] 
[info] +  Success! Logged into GitHub as patrickbdevaney 
[info] 
[debug] [2024-04-18T04:22:17.168Z] >>> [apiv2][query] GET https://api.github.com/repos/pdev092023/actions/secrets/public-key type=owner
[debug] [2024-04-18T04:22:17.171Z] >>> [apiv2][query] GET https://api.github.com/repos///actions/secrets/public-key type=owner
[debug] [2024-04-18T04:22:17.326Z] <<< [apiv2][status] GET https://api.github.com/repos///actions/secrets/public-key 404
[debug] [2024-04-18T04:22:17.326Z] <<< [apiv2][body] GET https://api.github.com/repos///actions/secrets/public-key {"message":"Not Found","documentation_url":"https://docs.github.com/rest"}
[info] 
[info] 
[error] !  The provided authorization cannot be used with this repository. If this repository is in an organization, did you remember to grant access? 
[info] 
[info] i  Action required: Visit this URL to ensure access has been granted to the appropriate organization(s) for the Firebase CLI GitHub OAuth App: 
[info] https://github.com/settings/connections/applications/89cf50f02ac6aaed3484
[info] 
[debug] [2024-04-18T04:22:17.349Z] <<< [apiv2][status] GET https://api.github.com/repos/pdev092023/actions/secrets/public-key 404
[debug] [2024-04-18T04:22:17.349Z] <<< [apiv2][body] GET https://api.github.com/repos/pdev092023/actions/secrets/public-key {"message":"Not Found","documentation_url":"https://docs.github.com/rest"}
[info] 
[info] 
[error] !  The provided authorization cannot be used with this repository. If this repository is in an organization, did you remember to grant access? 
[info] 
[info] i  Action required: Visit this URL to ensure access has been granted to the appropriate organization(s) for the Firebase CLI GitHub OAuth App: 
[info] https://github.com/settings/connections/applications/89cf50f02ac6aaed3484
[info] 
[debug] [2024-04-18T04:23:16.997Z] >>> [apiv2][query] GET https://api.github.com/repos/ShopWagon/pdev092023/actions/secrets/public-key type=owner
[debug] [2024-04-18T04:23:17.172Z] <<< [apiv2][status] GET https://api.github.com/repos/ShopWagon/pdev092023/actions/secrets/public-key 404
[debug] [2024-04-18T04:23:17.173Z] <<< [apiv2][body] GET https://api.github.com/repos/ShopWagon/pdev092023/actions/secrets/public-key {"message":"Not Found","documentation_url":"https://docs.github.com/rest/actions/secrets#get-a-repository-public-key"}
[info] 
[info] 
[error] !  The provided authorization cannot be used with this repository. If this repository is in an organization, did you remember to grant access? 
[info] 
[info] i  Action required: Visit this URL to ensure access has been granted to the appropriate organization(s) for the Firebase CLI GitHub OAuth App: 
[info] https://github.com/settings/connections/applications/89cf50f02ac6aaed3484
[info] 
[debug] [2024-04-18T04:24:16.374Z] >>> [apiv2][query] GET https://api.github.com/repos/ShopWagon/pdev092023/actions/secrets/public-key type=owner
[debug] [2024-04-18T04:24:16.534Z] <<< [apiv2][status] GET https://api.github.com/repos/ShopWagon/pdev092023/actions/secrets/public-key 404
[debug] [2024-04-18T04:24:16.534Z] <<< [apiv2][body] GET https://api.github.com/repos/ShopWagon/pdev092023/actions/secrets/public-key {"message":"Not Found","documentation_url":"https://docs.github.com/rest/actions/secrets#get-a-repository-public-key"}
[info] 
[info] 
[error] !  The provided authorization cannot be used with this repository. If this repository is in an organization, did you remember to grant access? 
[info] 
[info] i  Action required: Visit this URL to ensure access has been granted to the appropriate organization(s) for the Firebase CLI GitHub OAuth App: 
[info] https://github.com/settings/connections/applications/89cf50f02ac6aaed3484
[info] 
[debug] [2024-04-18T04:46:52.209Z] >>> [apiv2][query] GET https://api.github.com/repos/ShopWagon/pdev092023/actions/secrets/public-key type=owner
[debug] [2024-04-18T04:46:52.390Z] <<< [apiv2][status] GET https://api.github.com/repos/ShopWagon/pdev092023/actions/secrets/public-key 404
[debug] [2024-04-18T04:46:52.391Z] <<< [apiv2][body] GET https://api.github.com/repos/ShopWagon/pdev092023/actions/secrets/public-key {"message":"Not Found","documentation_url":"https://docs.github.com/rest/actions/secrets#get-a-repository-public-key"}
[info] 
[info] 
[error] !  The provided authorization cannot be used with this repository. If this repository is in an organization, did you remember to grant access? 
[info] 
[info] i  Action required: Visit this URL to ensure access has been granted to the appropriate organization(s) for the Firebase CLI GitHub OAuth App: 
[info] https://github.com/settings/connections/applications/89cf50f02ac6aaed3484
[info] 
